2018-12-02 07:17:00 Error: [Cake\Database\Exception] SQLSTATE[42S02]: Base table or view not found: 1146 Table 'admin_excel.datasheets' doesn't exist in /Applications/MAMP/htdocs/Dropbox/adminexcel/vendor/cakephp/cakephp/src/Database/Schema/Collection.php on line 131
Stack Trace:
#0 /Applications/MAMP/htdocs/Dropbox/adminexcel/vendor/cakephp/cakephp/src/Database/Schema/Collection.php(97): Cake\Database\Schema\Collection->_reflect('Column', 'datasheets', Array, Object(Cake\Database\Schema\TableSchema))
#1 /Applications/MAMP/htdocs/Dropbox/adminexcel/vendor/cakephp/cakephp/src/Database/Schema/CachedCollection.php(63): Cake\Database\Schema\Collection->describe('datasheets', Array)
#2 /Applications/MAMP/htdocs/Dropbox/adminexcel/vendor/cakephp/cakephp/src/ORM/Table.php(548): Cake\Database\Schema\CachedCollection->describe('datasheets')
#3 /Applications/MAMP/htdocs/Dropbox/adminexcel/vendor/cakephp/bake/src/Shell/Task/ModelTask.php(324): Cake\ORM\Table->getSchema()
#4 /Applications/MAMP/htdocs/Dropbox/adminexcel/vendor/cakephp/bake/src/Shell/Task/ModelTask.php(221): Bake\Shell\Task\ModelTask->findBelongsTo(Object(App\Model\Table\DatasheetsTable), Array)
#5 /Applications/MAMP/htdocs/Dropbox/adminexcel/vendor/cakephp/bake/src/Shell/Task/ModelTask.php(130): Bake\Shell\Task\ModelTask->getAssociations(Object(App\Model\Table\DatasheetsTable))
#6 /Applications/MAMP/htdocs/Dropbox/adminexcel/vendor/cakephp/bake/src/Shell/Task/ModelTask.php(113): Bake\Shell\Task\ModelTask->getTableContext(Object(App\Model\Table\DatasheetsTable), 'data_sheets', 'DataSheets')
#7 /Applications/MAMP/htdocs/Dropbox/adminexcel/vendor/cakephp/bake/src/Shell/Task/ModelTask.php(100): Bake\Shell\Task\ModelTask->bake('DataSheets')
#8 /Applications/MAMP/htdocs/Dropbox/adminexcel/vendor/cakephp/cakephp/src/Console/Shell.php(532): Bake\Shell\Task\ModelTask->main('data_sheets')
#9 /Applications/MAMP/htdocs/Dropbox/adminexcel/vendor/cakephp/cakephp/src/Console/Shell.php(525): Cake\Console\Shell->runCommand(Array, false, Array)
#10 /Applications/MAMP/htdocs/Dropbox/adminexcel/vendor/cakephp/cakephp/src/Console/CommandRunner.php(342): Cake\Console\Shell->runCommand(Array, true)
#11 /Applications/MAMP/htdocs/Dropbox/adminexcel/vendor/cakephp/cakephp/src/Console/CommandRunner.php(164): Cake\Console\CommandRunner->runShell(Object(Bake\Shell\BakeShell), Array)
#12 /Applications/MAMP/htdocs/Dropbox/adminexcel/bin/cake.php(12): Cake\Console\CommandRunner->run(Array)
#13 {main}


2018-12-02 07:18:10 Error: [Cake\Database\Exception] SQLSTATE[42S02]: Base table or view not found: 1146 Table 'admin_excel.datasheets' doesn't exist in /Applications/MAMP/htdocs/Dropbox/adminexcel/vendor/cakephp/cakephp/src/Database/Schema/Collection.php on line 131
Stack Trace:
#0 /Applications/MAMP/htdocs/Dropbox/adminexcel/vendor/cakephp/cakephp/src/Database/Schema/Collection.php(97): Cake\Database\Schema\Collection->_reflect('Column', 'datasheets', Array, Object(Cake\Database\Schema\TableSchema))
#1 /Applications/MAMP/htdocs/Dropbox/adminexcel/vendor/cakephp/cakephp/src/Database/Schema/CachedCollection.php(63): Cake\Database\Schema\Collection->describe('datasheets', Array)
#2 /Applications/MAMP/htdocs/Dropbox/adminexcel/vendor/cakephp/cakephp/src/ORM/Table.php(548): Cake\Database\Schema\CachedCollection->describe('datasheets')
#3 /Applications/MAMP/htdocs/Dropbox/adminexcel/vendor/cakephp/bake/src/Shell/Task/ModelTask.php(324): Cake\ORM\Table->getSchema()
#4 /Applications/MAMP/htdocs/Dropbox/adminexcel/vendor/cakephp/bake/src/Shell/Task/ModelTask.php(221): Bake\Shell\Task\ModelTask->findBelongsTo(Object(App\Model\Table\DatasheetsTable), Array)
#5 /Applications/MAMP/htdocs/Dropbox/adminexcel/vendor/cakephp/bake/src/Shell/Task/ModelTask.php(130): Bake\Shell\Task\ModelTask->getAssociations(Object(App\Model\Table\DatasheetsTable))
#6 /Applications/MAMP/htdocs/Dropbox/adminexcel/vendor/cakephp/bake/src/Shell/Task/ModelTask.php(113): Bake\Shell\Task\ModelTask->getTableContext(Object(App\Model\Table\DatasheetsTable), 'data_sheets', 'DataSheets')
#7 /Applications/MAMP/htdocs/Dropbox/adminexcel/vendor/cakephp/bake/src/Shell/Task/ModelTask.php(100): Bake\Shell\Task\ModelTask->bake('DataSheets')
#8 /Applications/MAMP/htdocs/Dropbox/adminexcel/vendor/cakephp/cakephp/src/Console/Shell.php(532): Bake\Shell\Task\ModelTask->main('DataSheets')
#9 /Applications/MAMP/htdocs/Dropbox/adminexcel/vendor/cakephp/cakephp/src/Console/Shell.php(525): Cake\Console\Shell->runCommand(Array, false, Array)
#10 /Applications/MAMP/htdocs/Dropbox/adminexcel/vendor/cakephp/cakephp/src/Console/CommandRunner.php(342): Cake\Console\Shell->runCommand(Array, true)
#11 /Applications/MAMP/htdocs/Dropbox/adminexcel/vendor/cakephp/cakephp/src/Console/CommandRunner.php(164): Cake\Console\CommandRunner->runShell(Object(Bake\Shell\BakeShell), Array)
#12 /Applications/MAMP/htdocs/Dropbox/adminexcel/bin/cake.php(12): Cake\Console\CommandRunner->run(Array)
#13 {main}


2018-12-02 07:18:33 Error: [Cake\Database\Exception] SQLSTATE[42S02]: Base table or view not found: 1146 Table 'admin_excel.datasheets' doesn't exist in /Applications/MAMP/htdocs/Dropbox/adminexcel/vendor/cakephp/cakephp/src/Database/Schema/Collection.php on line 131
Stack Trace:
#0 /Applications/MAMP/htdocs/Dropbox/adminexcel/vendor/cakephp/cakephp/src/Database/Schema/Collection.php(97): Cake\Database\Schema\Collection->_reflect('Column', 'datasheets', Array, Object(Cake\Database\Schema\TableSchema))
#1 /Applications/MAMP/htdocs/Dropbox/adminexcel/vendor/cakephp/cakephp/src/Database/Schema/CachedCollection.php(63): Cake\Database\Schema\Collection->describe('datasheets', Array)
#2 /Applications/MAMP/htdocs/Dropbox/adminexcel/vendor/cakephp/cakephp/src/ORM/Table.php(548): Cake\Database\Schema\CachedCollection->describe('datasheets')
#3 /Applications/MAMP/htdocs/Dropbox/adminexcel/vendor/cakephp/bake/src/Shell/Task/ModelTask.php(324): Cake\ORM\Table->getSchema()
#4 /Applications/MAMP/htdocs/Dropbox/adminexcel/vendor/cakephp/bake/src/Shell/Task/ModelTask.php(221): Bake\Shell\Task\ModelTask->findBelongsTo(Object(App\Model\Table\DatasheetsTable), Array)
#5 /Applications/MAMP/htdocs/Dropbox/adminexcel/vendor/cakephp/bake/src/Shell/Task/ModelTask.php(130): Bake\Shell\Task\ModelTask->getAssociations(Object(App\Model\Table\DatasheetsTable))
#6 /Applications/MAMP/htdocs/Dropbox/adminexcel/vendor/cakephp/bake/src/Shell/Task/ModelTask.php(113): Bake\Shell\Task\ModelTask->getTableContext(Object(App\Model\Table\DatasheetsTable), 'data_sheets', 'DataSheets')
#7 /Applications/MAMP/htdocs/Dropbox/adminexcel/vendor/cakephp/bake/src/Shell/Task/ModelTask.php(100): Bake\Shell\Task\ModelTask->bake('DataSheets')
#8 /Applications/MAMP/htdocs/Dropbox/adminexcel/vendor/cakephp/cakephp/src/Console/Shell.php(532): Bake\Shell\Task\ModelTask->main('data_sheets')
#9 /Applications/MAMP/htdocs/Dropbox/adminexcel/vendor/cakephp/cakephp/src/Console/Shell.php(525): Cake\Console\Shell->runCommand(Array, false, Array)
#10 /Applications/MAMP/htdocs/Dropbox/adminexcel/vendor/cakephp/cakephp/src/Console/CommandRunner.php(342): Cake\Console\Shell->runCommand(Array, true)
#11 /Applications/MAMP/htdocs/Dropbox/adminexcel/vendor/cakephp/cakephp/src/Console/CommandRunner.php(164): Cake\Console\CommandRunner->runShell(Object(Bake\Shell\BakeShell), Array)
#12 /Applications/MAMP/htdocs/Dropbox/adminexcel/bin/cake.php(12): Cake\Console\CommandRunner->run(Array)
#13 {main}


2018-12-02 07:19:37 Error: [Cake\Database\Exception] SQLSTATE[42S02]: Base table or view not found: 1146 Table 'admin_excel.datasheets' doesn't exist in /Applications/MAMP/htdocs/Dropbox/adminexcel/vendor/cakephp/cakephp/src/Database/Schema/Collection.php on line 131
Stack Trace:
#0 /Applications/MAMP/htdocs/Dropbox/adminexcel/vendor/cakephp/cakephp/src/Database/Schema/Collection.php(97): Cake\Database\Schema\Collection->_reflect('Column', 'datasheets', Array, Object(Cake\Database\Schema\TableSchema))
#1 /Applications/MAMP/htdocs/Dropbox/adminexcel/vendor/cakephp/cakephp/src/Database/Schema/CachedCollection.php(63): Cake\Database\Schema\Collection->describe('datasheets', Array)
#2 /Applications/MAMP/htdocs/Dropbox/adminexcel/vendor/cakephp/cakephp/src/ORM/Table.php(548): Cake\Database\Schema\CachedCollection->describe('datasheets')
#3 /Applications/MAMP/htdocs/Dropbox/adminexcel/vendor/cakephp/bake/src/Shell/Task/ModelTask.php(324): Cake\ORM\Table->getSchema()
#4 /Applications/MAMP/htdocs/Dropbox/adminexcel/vendor/cakephp/bake/src/Shell/Task/ModelTask.php(221): Bake\Shell\Task\ModelTask->findBelongsTo(Object(App\Model\Table\DatasheetsTable), Array)
#5 /Applications/MAMP/htdocs/Dropbox/adminexcel/vendor/cakephp/bake/src/Shell/Task/ModelTask.php(130): Bake\Shell\Task\ModelTask->getAssociations(Object(App\Model\Table\DatasheetsTable))
#6 /Applications/MAMP/htdocs/Dropbox/adminexcel/vendor/cakephp/bake/src/Shell/Task/ModelTask.php(113): Bake\Shell\Task\ModelTask->getTableContext(Object(App\Model\Table\DatasheetsTable), 'data_sheets', 'DataSheets')
#7 /Applications/MAMP/htdocs/Dropbox/adminexcel/vendor/cakephp/bake/src/Shell/Task/ModelTask.php(100): Bake\Shell\Task\ModelTask->bake('DataSheets')
#8 /Applications/MAMP/htdocs/Dropbox/adminexcel/vendor/cakephp/cakephp/src/Console/Shell.php(532): Bake\Shell\Task\ModelTask->main('data_sheets')
#9 /Applications/MAMP/htdocs/Dropbox/adminexcel/vendor/cakephp/cakephp/src/Console/Shell.php(525): Cake\Console\Shell->runCommand(Array, false, Array)
#10 /Applications/MAMP/htdocs/Dropbox/adminexcel/vendor/cakephp/cakephp/src/Console/CommandRunner.php(342): Cake\Console\Shell->runCommand(Array, true)
#11 /Applications/MAMP/htdocs/Dropbox/adminexcel/vendor/cakephp/cakephp/src/Console/CommandRunner.php(164): Cake\Console\CommandRunner->runShell(Object(Bake\Shell\BakeShell), Array)
#12 /Applications/MAMP/htdocs/Dropbox/adminexcel/bin/cake.php(12): Cake\Console\CommandRunner->run(Array)
#13 {main}


2018-12-02 07:23:21 Error: [Cake\Database\Exception] SQLSTATE[42S02]: Base table or view not found: 1146 Table 'admin_excel.datasheets' doesn't exist in /Applications/MAMP/htdocs/Dropbox/adminexcel/vendor/cakephp/cakephp/src/Database/Schema/Collection.php on line 131
Stack Trace:
#0 /Applications/MAMP/htdocs/Dropbox/adminexcel/vendor/cakephp/cakephp/src/Database/Schema/Collection.php(97): Cake\Database\Schema\Collection->_reflect('Column', 'datasheets', Array, Object(Cake\Database\Schema\TableSchema))
#1 /Applications/MAMP/htdocs/Dropbox/adminexcel/vendor/cakephp/cakephp/src/Database/Schema/CachedCollection.php(63): Cake\Database\Schema\Collection->describe('datasheets', Array)
#2 /Applications/MAMP/htdocs/Dropbox/adminexcel/vendor/cakephp/cakephp/src/ORM/Table.php(548): Cake\Database\Schema\CachedCollection->describe('datasheets')
#3 /Applications/MAMP/htdocs/Dropbox/adminexcel/vendor/cakephp/bake/src/Shell/Task/ModelTask.php(415): Cake\ORM\Table->getSchema()
#4 /Applications/MAMP/htdocs/Dropbox/adminexcel/vendor/cakephp/bake/src/Shell/Task/ModelTask.php(231): Bake\Shell\Task\ModelTask->findHasMany(Object(Cake\ORM\Table), Array)
#5 /Applications/MAMP/htdocs/Dropbox/adminexcel/vendor/cakephp/bake/src/Shell/Task/ModelTask.php(130): Bake\Shell\Task\ModelTask->getAssociations(Object(Cake\ORM\Table))
#6 /Applications/MAMP/htdocs/Dropbox/adminexcel/vendor/cakephp/bake/src/Shell/Task/ModelTask.php(113): Bake\Shell\Task\ModelTask->getTableContext(Object(Cake\ORM\Table), 'data_sheets', 'Data-sheets')
#7 /Applications/MAMP/htdocs/Dropbox/adminexcel/vendor/cakephp/bake/src/Shell/Task/ModelTask.php(100): Bake\Shell\Task\ModelTask->bake('Data-sheets')
#8 /Applications/MAMP/htdocs/Dropbox/adminexcel/vendor/cakephp/cakephp/src/Console/Shell.php(532): Bake\Shell\Task\ModelTask->main('data-sheets')
#9 /Applications/MAMP/htdocs/Dropbox/adminexcel/vendor/cakephp/cakephp/src/Console/Shell.php(525): Cake\Console\Shell->runCommand(Array, false, Array)
#10 /Applications/MAMP/htdocs/Dropbox/adminexcel/vendor/cakephp/cakephp/src/Console/CommandRunner.php(342): Cake\Console\Shell->runCommand(Array, true)
#11 /Applications/MAMP/htdocs/Dropbox/adminexcel/vendor/cakephp/cakephp/src/Console/CommandRunner.php(164): Cake\Console\CommandRunner->runShell(Object(Bake\Shell\BakeShell), Array)
#12 /Applications/MAMP/htdocs/Dropbox/adminexcel/bin/cake.php(12): Cake\Console\CommandRunner->run(Array)
#13 {main}


