2019-01-08 04:52:08 Error: [Cake\Routing\Exception\MissingControllerException] Controller class Assetdist could not be found.
Exception Attributes: array (
  'class' => 'Assetdist',
  'plugin' => false,
  'prefix' => false,
  '_ext' => false,
)
Request URL: /assetdist/css/bootstrap.css.map
Stack Trace:
#0 /Applications/MAMP/htdocs/Dropbox/adminexcel/vendor/cakephp/cakephp/src/Http/ControllerFactory.php(39): Cake\Http\ControllerFactory->missingController(Object(Cake\Http\ServerRequest))
#1 /Applications/MAMP/htdocs/Dropbox/adminexcel/vendor/cakephp/cakephp/src/Http/ActionDispatcher.php(91): Cake\Http\ControllerFactory->create(Object(Cake\Http\ServerRequest), Object(Cake\Http\Response))
#2 /Applications/MAMP/htdocs/Dropbox/adminexcel/vendor/cakephp/cakephp/src/Http/BaseApplication.php(232): Cake\Http\ActionDispatcher->dispatch(Object(Cake\Http\ServerRequest), Object(Cake\Http\Response))
#3 /Applications/MAMP/htdocs/Dropbox/adminexcel/vendor/cakephp/cakephp/src/Http/Runner.php(65): Cake\Http\BaseApplication->__invoke(Object(Cake\Http\ServerRequest), Object(Cake\Http\Response), Object(Cake\Http\Runner))
#4 /Applications/MAMP/htdocs/Dropbox/adminexcel/vendor/cakephp/cakephp/src/Http/Middleware/CsrfProtectionMiddleware.php(107): Cake\Http\Runner->__invoke(Object(Cake\Http\ServerRequest), Object(Cake\Http\Response))
#5 /Applications/MAMP/htdocs/Dropbox/adminexcel/vendor/cakephp/cakephp/src/Http/Runner.php(65): Cake\Http\Middleware\CsrfProtectionMiddleware->__invoke(Object(Cake\Http\ServerRequest), Object(Cake\Http\Response), Object(Cake\Http\Runner))
#6 /Applications/MAMP/htdocs/Dropbox/adminexcel/vendor/cakephp/cakephp/src/Routing/Middleware/RoutingMiddleware.php(157): Cake\Http\Runner->__invoke(Object(Cake\Http\ServerRequest), Object(Cake\Http\Response))
#7 /Applications/MAMP/htdocs/Dropbox/adminexcel/vendor/cakephp/cakephp/src/Http/Runner.php(65): Cake\Routing\Middleware\RoutingMiddleware->__invoke(Object(Cake\Http\ServerRequest), Object(Cake\Http\Response), Object(Cake\Http\Runner))
#8 /Applications/MAMP/htdocs/Dropbox/adminexcel/vendor/cakephp/cakephp/src/Routing/Middleware/AssetMiddleware.php(97): Cake\Http\Runner->__invoke(Object(Cake\Http\ServerRequest), Object(Cake\Http\Response))
#9 /Applications/MAMP/htdocs/Dropbox/adminexcel/vendor/cakephp/cakephp/src/Http/Runner.php(65): Cake\Routing\Middleware\AssetMiddleware->__invoke(Object(Cake\Http\ServerRequest), Object(Cake\Http\Response), Object(Cake\Http\Runner))
#10 /Applications/MAMP/htdocs/Dropbox/adminexcel/vendor/cakephp/cakephp/src/Error/Middleware/ErrorHandlerMiddleware.php(98): Cake\Http\Runner->__invoke(Object(Cake\Http\ServerRequest), Object(Cake\Http\Response))
#11 /Applications/MAMP/htdocs/Dropbox/adminexcel/vendor/cakephp/cakephp/src/Http/Runner.php(65): Cake\Error\Middleware\ErrorHandlerMiddleware->__invoke(Object(Cake\Http\ServerRequest), Object(Cake\Http\Response), Object(Cake\Http\Runner))
#12 /Applications/MAMP/htdocs/Dropbox/adminexcel/vendor/cakephp/cakephp/src/Http/Runner.php(51): Cake\Http\Runner->__invoke(Object(Cake\Http\ServerRequest), Object(Cake\Http\Response))
#13 /Applications/MAMP/htdocs/Dropbox/adminexcel/vendor/cakephp/cakephp/src/Http/Server.php(98): Cake\Http\Runner->run(Object(Cake\Http\MiddlewareQueue), Object(Cake\Http\ServerRequest), Object(Cake\Http\Response))
#14 /Applications/MAMP/htdocs/Dropbox/adminexcel/webroot/index.php(40): Cake\Http\Server->run()
#15 {main}


2019-01-08 04:52:08 Error: [Cake\Routing\Exception\MissingControllerException] Controller class Assetdist could not be found.
Exception Attributes: array (
  'class' => 'Assetdist',
  'plugin' => false,
  'prefix' => false,
  '_ext' => false,
)
Request URL: /assetdist/js/popper.min.js.map
Stack Trace:
#0 /Applications/MAMP/htdocs/Dropbox/adminexcel/vendor/cakephp/cakephp/src/Http/ControllerFactory.php(39): Cake\Http\ControllerFactory->missingController(Object(Cake\Http\ServerRequest))
#1 /Applications/MAMP/htdocs/Dropbox/adminexcel/vendor/cakephp/cakephp/src/Http/ActionDispatcher.php(91): Cake\Http\ControllerFactory->create(Object(Cake\Http\ServerRequest), Object(Cake\Http\Response))
#2 /Applications/MAMP/htdocs/Dropbox/adminexcel/vendor/cakephp/cakephp/src/Http/BaseApplication.php(232): Cake\Http\ActionDispatcher->dispatch(Object(Cake\Http\ServerRequest), Object(Cake\Http\Response))
#3 /Applications/MAMP/htdocs/Dropbox/adminexcel/vendor/cakephp/cakephp/src/Http/Runner.php(65): Cake\Http\BaseApplication->__invoke(Object(Cake\Http\ServerRequest), Object(Cake\Http\Response), Object(Cake\Http\Runner))
#4 /Applications/MAMP/htdocs/Dropbox/adminexcel/vendor/cakephp/cakephp/src/Http/Middleware/CsrfProtectionMiddleware.php(107): Cake\Http\Runner->__invoke(Object(Cake\Http\ServerRequest), Object(Cake\Http\Response))
#5 /Applications/MAMP/htdocs/Dropbox/adminexcel/vendor/cakephp/cakephp/src/Http/Runner.php(65): Cake\Http\Middleware\CsrfProtectionMiddleware->__invoke(Object(Cake\Http\ServerRequest), Object(Cake\Http\Response), Object(Cake\Http\Runner))
#6 /Applications/MAMP/htdocs/Dropbox/adminexcel/vendor/cakephp/cakephp/src/Routing/Middleware/RoutingMiddleware.php(157): Cake\Http\Runner->__invoke(Object(Cake\Http\ServerRequest), Object(Cake\Http\Response))
#7 /Applications/MAMP/htdocs/Dropbox/adminexcel/vendor/cakephp/cakephp/src/Http/Runner.php(65): Cake\Routing\Middleware\RoutingMiddleware->__invoke(Object(Cake\Http\ServerRequest), Object(Cake\Http\Response), Object(Cake\Http\Runner))
#8 /Applications/MAMP/htdocs/Dropbox/adminexcel/vendor/cakephp/cakephp/src/Routing/Middleware/AssetMiddleware.php(97): Cake\Http\Runner->__invoke(Object(Cake\Http\ServerRequest), Object(Cake\Http\Response))
#9 /Applications/MAMP/htdocs/Dropbox/adminexcel/vendor/cakephp/cakephp/src/Http/Runner.php(65): Cake\Routing\Middleware\AssetMiddleware->__invoke(Object(Cake\Http\ServerRequest), Object(Cake\Http\Response), Object(Cake\Http\Runner))
#10 /Applications/MAMP/htdocs/Dropbox/adminexcel/vendor/cakephp/cakephp/src/Error/Middleware/ErrorHandlerMiddleware.php(98): Cake\Http\Runner->__invoke(Object(Cake\Http\ServerRequest), Object(Cake\Http\Response))
#11 /Applications/MAMP/htdocs/Dropbox/adminexcel/vendor/cakephp/cakephp/src/Http/Runner.php(65): Cake\Error\Middleware\ErrorHandlerMiddleware->__invoke(Object(Cake\Http\ServerRequest), Object(Cake\Http\Response), Object(Cake\Http\Runner))
#12 /Applications/MAMP/htdocs/Dropbox/adminexcel/vendor/cakephp/cakephp/src/Http/Runner.php(51): Cake\Http\Runner->__invoke(Object(Cake\Http\ServerRequest), Object(Cake\Http\Response))
#13 /Applications/MAMP/htdocs/Dropbox/adminexcel/vendor/cakephp/cakephp/src/Http/Server.php(98): Cake\Http\Runner->run(Object(Cake\Http\MiddlewareQueue), Object(Cake\Http\ServerRequest), Object(Cake\Http\Response))
#14 /Applications/MAMP/htdocs/Dropbox/adminexcel/webroot/index.php(40): Cake\Http\Server->run()
#15 {main}


2019-01-08 04:52:12 Error: [Cake\Routing\Exception\MissingControllerException] Controller class Assetdist could not be found.
Exception Attributes: array (
  'class' => 'Assetdist',
  'plugin' => false,
  'prefix' => false,
  '_ext' => false,
)
Request URL: /assetdist/css/bootstrap.css.map
Stack Trace:
#0 /Applications/MAMP/htdocs/Dropbox/adminexcel/vendor/cakephp/cakephp/src/Http/ControllerFactory.php(39): Cake\Http\ControllerFactory->missingController(Object(Cake\Http\ServerRequest))
#1 /Applications/MAMP/htdocs/Dropbox/adminexcel/vendor/cakephp/cakephp/src/Http/ActionDispatcher.php(91): Cake\Http\ControllerFactory->create(Object(Cake\Http\ServerRequest), Object(Cake\Http\Response))
#2 /Applications/MAMP/htdocs/Dropbox/adminexcel/vendor/cakephp/cakephp/src/Http/BaseApplication.php(232): Cake\Http\ActionDispatcher->dispatch(Object(Cake\Http\ServerRequest), Object(Cake\Http\Response))
#3 /Applications/MAMP/htdocs/Dropbox/adminexcel/vendor/cakephp/cakephp/src/Http/Runner.php(65): Cake\Http\BaseApplication->__invoke(Object(Cake\Http\ServerRequest), Object(Cake\Http\Response), Object(Cake\Http\Runner))
#4 /Applications/MAMP/htdocs/Dropbox/adminexcel/vendor/cakephp/cakephp/src/Http/Middleware/CsrfProtectionMiddleware.php(107): Cake\Http\Runner->__invoke(Object(Cake\Http\ServerRequest), Object(Cake\Http\Response))
#5 /Applications/MAMP/htdocs/Dropbox/adminexcel/vendor/cakephp/cakephp/src/Http/Runner.php(65): Cake\Http\Middleware\CsrfProtectionMiddleware->__invoke(Object(Cake\Http\ServerRequest), Object(Cake\Http\Response), Object(Cake\Http\Runner))
#6 /Applications/MAMP/htdocs/Dropbox/adminexcel/vendor/cakephp/cakephp/src/Routing/Middleware/RoutingMiddleware.php(157): Cake\Http\Runner->__invoke(Object(Cake\Http\ServerRequest), Object(Cake\Http\Response))
#7 /Applications/MAMP/htdocs/Dropbox/adminexcel/vendor/cakephp/cakephp/src/Http/Runner.php(65): Cake\Routing\Middleware\RoutingMiddleware->__invoke(Object(Cake\Http\ServerRequest), Object(Cake\Http\Response), Object(Cake\Http\Runner))
#8 /Applications/MAMP/htdocs/Dropbox/adminexcel/vendor/cakephp/cakephp/src/Routing/Middleware/AssetMiddleware.php(97): Cake\Http\Runner->__invoke(Object(Cake\Http\ServerRequest), Object(Cake\Http\Response))
#9 /Applications/MAMP/htdocs/Dropbox/adminexcel/vendor/cakephp/cakephp/src/Http/Runner.php(65): Cake\Routing\Middleware\AssetMiddleware->__invoke(Object(Cake\Http\ServerRequest), Object(Cake\Http\Response), Object(Cake\Http\Runner))
#10 /Applications/MAMP/htdocs/Dropbox/adminexcel/vendor/cakephp/cakephp/src/Error/Middleware/ErrorHandlerMiddleware.php(98): Cake\Http\Runner->__invoke(Object(Cake\Http\ServerRequest), Object(Cake\Http\Response))
#11 /Applications/MAMP/htdocs/Dropbox/adminexcel/vendor/cakephp/cakephp/src/Http/Runner.php(65): Cake\Error\Middleware\ErrorHandlerMiddleware->__invoke(Object(Cake\Http\ServerRequest), Object(Cake\Http\Response), Object(Cake\Http\Runner))
#12 /Applications/MAMP/htdocs/Dropbox/adminexcel/vendor/cakephp/cakephp/src/Http/Runner.php(51): Cake\Http\Runner->__invoke(Object(Cake\Http\ServerRequest), Object(Cake\Http\Response))
#13 /Applications/MAMP/htdocs/Dropbox/adminexcel/vendor/cakephp/cakephp/src/Http/Server.php(98): Cake\Http\Runner->run(Object(Cake\Http\MiddlewareQueue), Object(Cake\Http\ServerRequest), Object(Cake\Http\Response))
#14 /Applications/MAMP/htdocs/Dropbox/adminexcel/webroot/index.php(40): Cake\Http\Server->run()
#15 {main}


2019-01-08 04:52:13 Error: [Cake\Routing\Exception\MissingControllerException] Controller class Assetdist could not be found.
Exception Attributes: array (
  'class' => 'Assetdist',
  'plugin' => false,
  'prefix' => false,
  '_ext' => false,
)
Request URL: /assetdist/js/popper.min.js.map
Stack Trace:
#0 /Applications/MAMP/htdocs/Dropbox/adminexcel/vendor/cakephp/cakephp/src/Http/ControllerFactory.php(39): Cake\Http\ControllerFactory->missingController(Object(Cake\Http\ServerRequest))
#1 /Applications/MAMP/htdocs/Dropbox/adminexcel/vendor/cakephp/cakephp/src/Http/ActionDispatcher.php(91): Cake\Http\ControllerFactory->create(Object(Cake\Http\ServerRequest), Object(Cake\Http\Response))
#2 /Applications/MAMP/htdocs/Dropbox/adminexcel/vendor/cakephp/cakephp/src/Http/BaseApplication.php(232): Cake\Http\ActionDispatcher->dispatch(Object(Cake\Http\ServerRequest), Object(Cake\Http\Response))
#3 /Applications/MAMP/htdocs/Dropbox/adminexcel/vendor/cakephp/cakephp/src/Http/Runner.php(65): Cake\Http\BaseApplication->__invoke(Object(Cake\Http\ServerRequest), Object(Cake\Http\Response), Object(Cake\Http\Runner))
#4 /Applications/MAMP/htdocs/Dropbox/adminexcel/vendor/cakephp/cakephp/src/Http/Middleware/CsrfProtectionMiddleware.php(107): Cake\Http\Runner->__invoke(Object(Cake\Http\ServerRequest), Object(Cake\Http\Response))
#5 /Applications/MAMP/htdocs/Dropbox/adminexcel/vendor/cakephp/cakephp/src/Http/Runner.php(65): Cake\Http\Middleware\CsrfProtectionMiddleware->__invoke(Object(Cake\Http\ServerRequest), Object(Cake\Http\Response), Object(Cake\Http\Runner))
#6 /Applications/MAMP/htdocs/Dropbox/adminexcel/vendor/cakephp/cakephp/src/Routing/Middleware/RoutingMiddleware.php(157): Cake\Http\Runner->__invoke(Object(Cake\Http\ServerRequest), Object(Cake\Http\Response))
#7 /Applications/MAMP/htdocs/Dropbox/adminexcel/vendor/cakephp/cakephp/src/Http/Runner.php(65): Cake\Routing\Middleware\RoutingMiddleware->__invoke(Object(Cake\Http\ServerRequest), Object(Cake\Http\Response), Object(Cake\Http\Runner))
#8 /Applications/MAMP/htdocs/Dropbox/adminexcel/vendor/cakephp/cakephp/src/Routing/Middleware/AssetMiddleware.php(97): Cake\Http\Runner->__invoke(Object(Cake\Http\ServerRequest), Object(Cake\Http\Response))
#9 /Applications/MAMP/htdocs/Dropbox/adminexcel/vendor/cakephp/cakephp/src/Http/Runner.php(65): Cake\Routing\Middleware\AssetMiddleware->__invoke(Object(Cake\Http\ServerRequest), Object(Cake\Http\Response), Object(Cake\Http\Runner))
#10 /Applications/MAMP/htdocs/Dropbox/adminexcel/vendor/cakephp/cakephp/src/Error/Middleware/ErrorHandlerMiddleware.php(98): Cake\Http\Runner->__invoke(Object(Cake\Http\ServerRequest), Object(Cake\Http\Response))
#11 /Applications/MAMP/htdocs/Dropbox/adminexcel/vendor/cakephp/cakephp/src/Http/Runner.php(65): Cake\Error\Middleware\ErrorHandlerMiddleware->__invoke(Object(Cake\Http\ServerRequest), Object(Cake\Http\Response), Object(Cake\Http\Runner))
#12 /Applications/MAMP/htdocs/Dropbox/adminexcel/vendor/cakephp/cakephp/src/Http/Runner.php(51): Cake\Http\Runner->__invoke(Object(Cake\Http\ServerRequest), Object(Cake\Http\Response))
#13 /Applications/MAMP/htdocs/Dropbox/adminexcel/vendor/cakephp/cakephp/src/Http/Server.php(98): Cake\Http\Runner->run(Object(Cake\Http\MiddlewareQueue), Object(Cake\Http\ServerRequest), Object(Cake\Http\Response))
#14 /Applications/MAMP/htdocs/Dropbox/adminexcel/webroot/index.php(40): Cake\Http\Server->run()
#15 {main}


2019-01-08 06:05:35 Error: [PDOException] SQLSTATE[HY000] [2002] Operation timed out
Request URL: /datas/view/7246282e-84f8-4cb9-813c-d7f6dba5c697
Referer URL: http://localhost:8888/Dropbox/adminexcel/upload/index/YKKvP
Stack Trace:
#0 /Applications/MAMP/htdocs/Dropbox/adminexcel/vendor/cakephp/cakephp/src/Database/Driver.php(93): PDO->__construct('mysql:host=103....', 'admin_excel', 'Korn@001', Array)
#1 /Applications/MAMP/htdocs/Dropbox/adminexcel/vendor/cakephp/cakephp/src/Database/Driver/Mysql.php(106): Cake\Database\Driver->_connect('mysql:host=103....', Array)
#2 /Applications/MAMP/htdocs/Dropbox/adminexcel/vendor/cakephp/cakephp/src/Database/Schema/BaseSchema.php(45): Cake\Database\Driver\Mysql->connect()
#3 /Applications/MAMP/htdocs/Dropbox/adminexcel/vendor/cakephp/cakephp/src/Database/Dialect/MysqlDialectTrait.php(63): Cake\Database\Schema\BaseSchema->__construct(Object(Cake\Database\Driver\Mysql))
#4 /Applications/MAMP/htdocs/Dropbox/adminexcel/vendor/cakephp/cakephp/src/Database/Schema/Collection.php(52): Cake\Database\Driver\Mysql->schemaDialect()
#5 /Applications/MAMP/htdocs/Dropbox/adminexcel/vendor/cakephp/cakephp/src/Database/Schema/CachedCollection.php(42): Cake\Database\Schema\Collection->__construct(Object(Cake\Database\Connection))
#6 /Applications/MAMP/htdocs/Dropbox/adminexcel/vendor/cakephp/cakephp/src/Database/Connection.php(391): Cake\Database\Schema\CachedCollection->__construct(Object(Cake\Database\Connection), true)
#7 /Applications/MAMP/htdocs/Dropbox/adminexcel/vendor/cakephp/cakephp/src/ORM/Table.php(547): Cake\Database\Connection->getSchemaCollection()
#8 /Applications/MAMP/htdocs/Dropbox/adminexcel/vendor/cakephp/cakephp/src/ORM/Query.php(270): Cake\ORM\Table->getSchema()
#9 /Applications/MAMP/htdocs/Dropbox/adminexcel/vendor/cakephp/cakephp/src/ORM/Query.php(168): Cake\ORM\Query->addDefaultTypes(Object(App\Model\Table\DatasTable))
#10 /Applications/MAMP/htdocs/Dropbox/adminexcel/vendor/cakephp/cakephp/src/ORM/Table.php(1758): Cake\ORM\Query->__construct(Object(Cake\Database\Connection), Object(App\Model\Table\DatasTable))
#11 /Applications/MAMP/htdocs/Dropbox/adminexcel/vendor/cakephp/cakephp/src/ORM/Table.php(1350): Cake\ORM\Table->query()
#12 /Applications/MAMP/htdocs/Dropbox/adminexcel/vendor/cakephp/cakephp/src/ORM/Table.php(1599): Cake\ORM\Table->find('all', Array)
#13 /Applications/MAMP/htdocs/Dropbox/adminexcel/src/Controller/DatasController.php(34): Cake\ORM\Table->get('7246282e-84f8-4...', Array)
#14 /Applications/MAMP/htdocs/Dropbox/adminexcel/vendor/cakephp/cakephp/src/Controller/Controller.php(596): App\Controller\DatasController->view('7246282e-84f8-4...')
#15 /Applications/MAMP/htdocs/Dropbox/adminexcel/vendor/cakephp/cakephp/src/Http/ActionDispatcher.php(120): Cake\Controller\Controller->invokeAction()
#16 /Applications/MAMP/htdocs/Dropbox/adminexcel/vendor/cakephp/cakephp/src/Http/ActionDispatcher.php(94): Cake\Http\ActionDispatcher->_invoke(Object(App\Controller\DatasController))
#17 /Applications/MAMP/htdocs/Dropbox/adminexcel/vendor/cakephp/cakephp/src/Http/BaseApplication.php(232): Cake\Http\ActionDispatcher->dispatch(Object(Cake\Http\ServerRequest), Object(Cake\Http\Response))
#18 /Applications/MAMP/htdocs/Dropbox/adminexcel/vendor/cakephp/cakephp/src/Http/Runner.php(65): Cake\Http\BaseApplication->__invoke(Object(Cake\Http\ServerRequest), Object(Cake\Http\Response), Object(Cake\Http\Runner))
#19 /Applications/MAMP/htdocs/Dropbox/adminexcel/vendor/cakephp/cakephp/src/Http/Middleware/CsrfProtectionMiddleware.php(107): Cake\Http\Runner->__invoke(Object(Cake\Http\ServerRequest), Object(Cake\Http\Response))
#20 /Applications/MAMP/htdocs/Dropbox/adminexcel/vendor/cakephp/cakephp/src/Http/Runner.php(65): Cake\Http\Middleware\CsrfProtectionMiddleware->__invoke(Object(Cake\Http\ServerRequest), Object(Cake\Http\Response), Object(Cake\Http\Runner))
#21 /Applications/MAMP/htdocs/Dropbox/adminexcel/vendor/cakephp/cakephp/src/Routing/Middleware/RoutingMiddleware.php(157): Cake\Http\Runner->__invoke(Object(Cake\Http\ServerRequest), Object(Cake\Http\Response))
#22 /Applications/MAMP/htdocs/Dropbox/adminexcel/vendor/cakephp/cakephp/src/Http/Runner.php(65): Cake\Routing\Middleware\RoutingMiddleware->__invoke(Object(Cake\Http\ServerRequest), Object(Cake\Http\Response), Object(Cake\Http\Runner))
#23 /Applications/MAMP/htdocs/Dropbox/adminexcel/vendor/cakephp/cakephp/src/Routing/Middleware/AssetMiddleware.php(88): Cake\Http\Runner->__invoke(Object(Cake\Http\ServerRequest), Object(Cake\Http\Response))
#24 /Applications/MAMP/htdocs/Dropbox/adminexcel/vendor/cakephp/cakephp/src/Http/Runner.php(65): Cake\Routing\Middleware\AssetMiddleware->__invoke(Object(Cake\Http\ServerRequest), Object(Cake\Http\Response), Object(Cake\Http\Runner))
#25 /Applications/MAMP/htdocs/Dropbox/adminexcel/vendor/cakephp/cakephp/src/Error/Middleware/ErrorHandlerMiddleware.php(98): Cake\Http\Runner->__invoke(Object(Cake\Http\ServerRequest), Object(Cake\Http\Response))
#26 /Applications/MAMP/htdocs/Dropbox/adminexcel/vendor/cakephp/cakephp/src/Http/Runner.php(65): Cake\Error\Middleware\ErrorHandlerMiddleware->__invoke(Object(Cake\Http\ServerRequest), Object(Cake\Http\Response), Object(Cake\Http\Runner))
#27 /Applications/MAMP/htdocs/Dropbox/adminexcel/vendor/cakephp/cakephp/src/Http/Runner.php(51): Cake\Http\Runner->__invoke(Object(Cake\Http\ServerRequest), Object(Cake\Http\Response))
#28 /Applications/MAMP/htdocs/Dropbox/adminexcel/vendor/cakephp/cakephp/src/Http/Server.php(98): Cake\Http\Runner->run(Object(Cake\Http\MiddlewareQueue), Object(Cake\Http\ServerRequest), Object(Cake\Http\Response))
#29 /Applications/MAMP/htdocs/Dropbox/adminexcel/webroot/index.php(40): Cake\Http\Server->run()
#30 {main}


2019-01-08 06:11:57 Error: [Cake\Routing\Exception\MissingControllerException] Controller class Assetdist could not be found.
Exception Attributes: array (
  'class' => 'Assetdist',
  'plugin' => false,
  'prefix' => false,
  '_ext' => false,
)
Request URL: /assetdist/css/bootstrap.css.map
Stack Trace:
#0 /Applications/MAMP/htdocs/Dropbox/adminexcel/vendor/cakephp/cakephp/src/Http/ControllerFactory.php(39): Cake\Http\ControllerFactory->missingController(Object(Cake\Http\ServerRequest))
#1 /Applications/MAMP/htdocs/Dropbox/adminexcel/vendor/cakephp/cakephp/src/Http/ActionDispatcher.php(91): Cake\Http\ControllerFactory->create(Object(Cake\Http\ServerRequest), Object(Cake\Http\Response))
#2 /Applications/MAMP/htdocs/Dropbox/adminexcel/vendor/cakephp/cakephp/src/Http/BaseApplication.php(232): Cake\Http\ActionDispatcher->dispatch(Object(Cake\Http\ServerRequest), Object(Cake\Http\Response))
#3 /Applications/MAMP/htdocs/Dropbox/adminexcel/vendor/cakephp/cakephp/src/Http/Runner.php(65): Cake\Http\BaseApplication->__invoke(Object(Cake\Http\ServerRequest), Object(Cake\Http\Response), Object(Cake\Http\Runner))
#4 /Applications/MAMP/htdocs/Dropbox/adminexcel/vendor/cakephp/cakephp/src/Http/Middleware/CsrfProtectionMiddleware.php(107): Cake\Http\Runner->__invoke(Object(Cake\Http\ServerRequest), Object(Cake\Http\Response))
#5 /Applications/MAMP/htdocs/Dropbox/adminexcel/vendor/cakephp/cakephp/src/Http/Runner.php(65): Cake\Http\Middleware\CsrfProtectionMiddleware->__invoke(Object(Cake\Http\ServerRequest), Object(Cake\Http\Response), Object(Cake\Http\Runner))
#6 /Applications/MAMP/htdocs/Dropbox/adminexcel/vendor/cakephp/cakephp/src/Routing/Middleware/RoutingMiddleware.php(157): Cake\Http\Runner->__invoke(Object(Cake\Http\ServerRequest), Object(Cake\Http\Response))
#7 /Applications/MAMP/htdocs/Dropbox/adminexcel/vendor/cakephp/cakephp/src/Http/Runner.php(65): Cake\Routing\Middleware\RoutingMiddleware->__invoke(Object(Cake\Http\ServerRequest), Object(Cake\Http\Response), Object(Cake\Http\Runner))
#8 /Applications/MAMP/htdocs/Dropbox/adminexcel/vendor/cakephp/cakephp/src/Routing/Middleware/AssetMiddleware.php(97): Cake\Http\Runner->__invoke(Object(Cake\Http\ServerRequest), Object(Cake\Http\Response))
#9 /Applications/MAMP/htdocs/Dropbox/adminexcel/vendor/cakephp/cakephp/src/Http/Runner.php(65): Cake\Routing\Middleware\AssetMiddleware->__invoke(Object(Cake\Http\ServerRequest), Object(Cake\Http\Response), Object(Cake\Http\Runner))
#10 /Applications/MAMP/htdocs/Dropbox/adminexcel/vendor/cakephp/cakephp/src/Error/Middleware/ErrorHandlerMiddleware.php(98): Cake\Http\Runner->__invoke(Object(Cake\Http\ServerRequest), Object(Cake\Http\Response))
#11 /Applications/MAMP/htdocs/Dropbox/adminexcel/vendor/cakephp/cakephp/src/Http/Runner.php(65): Cake\Error\Middleware\ErrorHandlerMiddleware->__invoke(Object(Cake\Http\ServerRequest), Object(Cake\Http\Response), Object(Cake\Http\Runner))
#12 /Applications/MAMP/htdocs/Dropbox/adminexcel/vendor/cakephp/cakephp/src/Http/Runner.php(51): Cake\Http\Runner->__invoke(Object(Cake\Http\ServerRequest), Object(Cake\Http\Response))
#13 /Applications/MAMP/htdocs/Dropbox/adminexcel/vendor/cakephp/cakephp/src/Http/Server.php(98): Cake\Http\Runner->run(Object(Cake\Http\MiddlewareQueue), Object(Cake\Http\ServerRequest), Object(Cake\Http\Response))
#14 /Applications/MAMP/htdocs/Dropbox/adminexcel/webroot/index.php(40): Cake\Http\Server->run()
#15 {main}


2019-01-08 06:11:58 Error: [Cake\Routing\Exception\MissingControllerException] Controller class Assetdist could not be found.
Exception Attributes: array (
  'class' => 'Assetdist',
  'plugin' => false,
  'prefix' => false,
  '_ext' => false,
)
Request URL: /assetdist/js/popper.min.js.map
Stack Trace:
#0 /Applications/MAMP/htdocs/Dropbox/adminexcel/vendor/cakephp/cakephp/src/Http/ControllerFactory.php(39): Cake\Http\ControllerFactory->missingController(Object(Cake\Http\ServerRequest))
#1 /Applications/MAMP/htdocs/Dropbox/adminexcel/vendor/cakephp/cakephp/src/Http/ActionDispatcher.php(91): Cake\Http\ControllerFactory->create(Object(Cake\Http\ServerRequest), Object(Cake\Http\Response))
#2 /Applications/MAMP/htdocs/Dropbox/adminexcel/vendor/cakephp/cakephp/src/Http/BaseApplication.php(232): Cake\Http\ActionDispatcher->dispatch(Object(Cake\Http\ServerRequest), Object(Cake\Http\Response))
#3 /Applications/MAMP/htdocs/Dropbox/adminexcel/vendor/cakephp/cakephp/src/Http/Runner.php(65): Cake\Http\BaseApplication->__invoke(Object(Cake\Http\ServerRequest), Object(Cake\Http\Response), Object(Cake\Http\Runner))
#4 /Applications/MAMP/htdocs/Dropbox/adminexcel/vendor/cakephp/cakephp/src/Http/Middleware/CsrfProtectionMiddleware.php(107): Cake\Http\Runner->__invoke(Object(Cake\Http\ServerRequest), Object(Cake\Http\Response))
#5 /Applications/MAMP/htdocs/Dropbox/adminexcel/vendor/cakephp/cakephp/src/Http/Runner.php(65): Cake\Http\Middleware\CsrfProtectionMiddleware->__invoke(Object(Cake\Http\ServerRequest), Object(Cake\Http\Response), Object(Cake\Http\Runner))
#6 /Applications/MAMP/htdocs/Dropbox/adminexcel/vendor/cakephp/cakephp/src/Routing/Middleware/RoutingMiddleware.php(157): Cake\Http\Runner->__invoke(Object(Cake\Http\ServerRequest), Object(Cake\Http\Response))
#7 /Applications/MAMP/htdocs/Dropbox/adminexcel/vendor/cakephp/cakephp/src/Http/Runner.php(65): Cake\Routing\Middleware\RoutingMiddleware->__invoke(Object(Cake\Http\ServerRequest), Object(Cake\Http\Response), Object(Cake\Http\Runner))
#8 /Applications/MAMP/htdocs/Dropbox/adminexcel/vendor/cakephp/cakephp/src/Routing/Middleware/AssetMiddleware.php(97): Cake\Http\Runner->__invoke(Object(Cake\Http\ServerRequest), Object(Cake\Http\Response))
#9 /Applications/MAMP/htdocs/Dropbox/adminexcel/vendor/cakephp/cakephp/src/Http/Runner.php(65): Cake\Routing\Middleware\AssetMiddleware->__invoke(Object(Cake\Http\ServerRequest), Object(Cake\Http\Response), Object(Cake\Http\Runner))
#10 /Applications/MAMP/htdocs/Dropbox/adminexcel/vendor/cakephp/cakephp/src/Error/Middleware/ErrorHandlerMiddleware.php(98): Cake\Http\Runner->__invoke(Object(Cake\Http\ServerRequest), Object(Cake\Http\Response))
#11 /Applications/MAMP/htdocs/Dropbox/adminexcel/vendor/cakephp/cakephp/src/Http/Runner.php(65): Cake\Error\Middleware\ErrorHandlerMiddleware->__invoke(Object(Cake\Http\ServerRequest), Object(Cake\Http\Response), Object(Cake\Http\Runner))
#12 /Applications/MAMP/htdocs/Dropbox/adminexcel/vendor/cakephp/cakephp/src/Http/Runner.php(51): Cake\Http\Runner->__invoke(Object(Cake\Http\ServerRequest), Object(Cake\Http\Response))
#13 /Applications/MAMP/htdocs/Dropbox/adminexcel/vendor/cakephp/cakephp/src/Http/Server.php(98): Cake\Http\Runner->run(Object(Cake\Http\MiddlewareQueue), Object(Cake\Http\ServerRequest), Object(Cake\Http\Response))
#14 /Applications/MAMP/htdocs/Dropbox/adminexcel/webroot/index.php(40): Cake\Http\Server->run()
#15 {main}


2019-01-08 06:12:05 Error: [Cake\Routing\Exception\MissingControllerException] Controller class Assetdist could not be found.
Exception Attributes: array (
  'class' => 'Assetdist',
  'plugin' => false,
  'prefix' => false,
  '_ext' => false,
)
Request URL: /assetdist/css/bootstrap.css.map
Stack Trace:
#0 /Applications/MAMP/htdocs/Dropbox/adminexcel/vendor/cakephp/cakephp/src/Http/ControllerFactory.php(39): Cake\Http\ControllerFactory->missingController(Object(Cake\Http\ServerRequest))
#1 /Applications/MAMP/htdocs/Dropbox/adminexcel/vendor/cakephp/cakephp/src/Http/ActionDispatcher.php(91): Cake\Http\ControllerFactory->create(Object(Cake\Http\ServerRequest), Object(Cake\Http\Response))
#2 /Applications/MAMP/htdocs/Dropbox/adminexcel/vendor/cakephp/cakephp/src/Http/BaseApplication.php(232): Cake\Http\ActionDispatcher->dispatch(Object(Cake\Http\ServerRequest), Object(Cake\Http\Response))
#3 /Applications/MAMP/htdocs/Dropbox/adminexcel/vendor/cakephp/cakephp/src/Http/Runner.php(65): Cake\Http\BaseApplication->__invoke(Object(Cake\Http\ServerRequest), Object(Cake\Http\Response), Object(Cake\Http\Runner))
#4 /Applications/MAMP/htdocs/Dropbox/adminexcel/vendor/cakephp/cakephp/src/Http/Middleware/CsrfProtectionMiddleware.php(107): Cake\Http\Runner->__invoke(Object(Cake\Http\ServerRequest), Object(Cake\Http\Response))
#5 /Applications/MAMP/htdocs/Dropbox/adminexcel/vendor/cakephp/cakephp/src/Http/Runner.php(65): Cake\Http\Middleware\CsrfProtectionMiddleware->__invoke(Object(Cake\Http\ServerRequest), Object(Cake\Http\Response), Object(Cake\Http\Runner))
#6 /Applications/MAMP/htdocs/Dropbox/adminexcel/vendor/cakephp/cakephp/src/Routing/Middleware/RoutingMiddleware.php(157): Cake\Http\Runner->__invoke(Object(Cake\Http\ServerRequest), Object(Cake\Http\Response))
#7 /Applications/MAMP/htdocs/Dropbox/adminexcel/vendor/cakephp/cakephp/src/Http/Runner.php(65): Cake\Routing\Middleware\RoutingMiddleware->__invoke(Object(Cake\Http\ServerRequest), Object(Cake\Http\Response), Object(Cake\Http\Runner))
#8 /Applications/MAMP/htdocs/Dropbox/adminexcel/vendor/cakephp/cakephp/src/Routing/Middleware/AssetMiddleware.php(97): Cake\Http\Runner->__invoke(Object(Cake\Http\ServerRequest), Object(Cake\Http\Response))
#9 /Applications/MAMP/htdocs/Dropbox/adminexcel/vendor/cakephp/cakephp/src/Http/Runner.php(65): Cake\Routing\Middleware\AssetMiddleware->__invoke(Object(Cake\Http\ServerRequest), Object(Cake\Http\Response), Object(Cake\Http\Runner))
#10 /Applications/MAMP/htdocs/Dropbox/adminexcel/vendor/cakephp/cakephp/src/Error/Middleware/ErrorHandlerMiddleware.php(98): Cake\Http\Runner->__invoke(Object(Cake\Http\ServerRequest), Object(Cake\Http\Response))
#11 /Applications/MAMP/htdocs/Dropbox/adminexcel/vendor/cakephp/cakephp/src/Http/Runner.php(65): Cake\Error\Middleware\ErrorHandlerMiddleware->__invoke(Object(Cake\Http\ServerRequest), Object(Cake\Http\Response), Object(Cake\Http\Runner))
#12 /Applications/MAMP/htdocs/Dropbox/adminexcel/vendor/cakephp/cakephp/src/Http/Runner.php(51): Cake\Http\Runner->__invoke(Object(Cake\Http\ServerRequest), Object(Cake\Http\Response))
#13 /Applications/MAMP/htdocs/Dropbox/adminexcel/vendor/cakephp/cakephp/src/Http/Server.php(98): Cake\Http\Runner->run(Object(Cake\Http\MiddlewareQueue), Object(Cake\Http\ServerRequest), Object(Cake\Http\Response))
#14 /Applications/MAMP/htdocs/Dropbox/adminexcel/webroot/index.php(40): Cake\Http\Server->run()
#15 {main}


2019-01-08 06:12:05 Error: [Cake\Routing\Exception\MissingControllerException] Controller class Assetdist could not be found.
Exception Attributes: array (
  'class' => 'Assetdist',
  'plugin' => false,
  'prefix' => false,
  '_ext' => false,
)
Request URL: /assetdist/js/popper.min.js.map
Stack Trace:
#0 /Applications/MAMP/htdocs/Dropbox/adminexcel/vendor/cakephp/cakephp/src/Http/ControllerFactory.php(39): Cake\Http\ControllerFactory->missingController(Object(Cake\Http\ServerRequest))
#1 /Applications/MAMP/htdocs/Dropbox/adminexcel/vendor/cakephp/cakephp/src/Http/ActionDispatcher.php(91): Cake\Http\ControllerFactory->create(Object(Cake\Http\ServerRequest), Object(Cake\Http\Response))
#2 /Applications/MAMP/htdocs/Dropbox/adminexcel/vendor/cakephp/cakephp/src/Http/BaseApplication.php(232): Cake\Http\ActionDispatcher->dispatch(Object(Cake\Http\ServerRequest), Object(Cake\Http\Response))
#3 /Applications/MAMP/htdocs/Dropbox/adminexcel/vendor/cakephp/cakephp/src/Http/Runner.php(65): Cake\Http\BaseApplication->__invoke(Object(Cake\Http\ServerRequest), Object(Cake\Http\Response), Object(Cake\Http\Runner))
#4 /Applications/MAMP/htdocs/Dropbox/adminexcel/vendor/cakephp/cakephp/src/Http/Middleware/CsrfProtectionMiddleware.php(107): Cake\Http\Runner->__invoke(Object(Cake\Http\ServerRequest), Object(Cake\Http\Response))
#5 /Applications/MAMP/htdocs/Dropbox/adminexcel/vendor/cakephp/cakephp/src/Http/Runner.php(65): Cake\Http\Middleware\CsrfProtectionMiddleware->__invoke(Object(Cake\Http\ServerRequest), Object(Cake\Http\Response), Object(Cake\Http\Runner))
#6 /Applications/MAMP/htdocs/Dropbox/adminexcel/vendor/cakephp/cakephp/src/Routing/Middleware/RoutingMiddleware.php(157): Cake\Http\Runner->__invoke(Object(Cake\Http\ServerRequest), Object(Cake\Http\Response))
#7 /Applications/MAMP/htdocs/Dropbox/adminexcel/vendor/cakephp/cakephp/src/Http/Runner.php(65): Cake\Routing\Middleware\RoutingMiddleware->__invoke(Object(Cake\Http\ServerRequest), Object(Cake\Http\Response), Object(Cake\Http\Runner))
#8 /Applications/MAMP/htdocs/Dropbox/adminexcel/vendor/cakephp/cakephp/src/Routing/Middleware/AssetMiddleware.php(97): Cake\Http\Runner->__invoke(Object(Cake\Http\ServerRequest), Object(Cake\Http\Response))
#9 /Applications/MAMP/htdocs/Dropbox/adminexcel/vendor/cakephp/cakephp/src/Http/Runner.php(65): Cake\Routing\Middleware\AssetMiddleware->__invoke(Object(Cake\Http\ServerRequest), Object(Cake\Http\Response), Object(Cake\Http\Runner))
#10 /Applications/MAMP/htdocs/Dropbox/adminexcel/vendor/cakephp/cakephp/src/Error/Middleware/ErrorHandlerMiddleware.php(98): Cake\Http\Runner->__invoke(Object(Cake\Http\ServerRequest), Object(Cake\Http\Response))
#11 /Applications/MAMP/htdocs/Dropbox/adminexcel/vendor/cakephp/cakephp/src/Http/Runner.php(65): Cake\Error\Middleware\ErrorHandlerMiddleware->__invoke(Object(Cake\Http\ServerRequest), Object(Cake\Http\Response), Object(Cake\Http\Runner))
#12 /Applications/MAMP/htdocs/Dropbox/adminexcel/vendor/cakephp/cakephp/src/Http/Runner.php(51): Cake\Http\Runner->__invoke(Object(Cake\Http\ServerRequest), Object(Cake\Http\Response))
#13 /Applications/MAMP/htdocs/Dropbox/adminexcel/vendor/cakephp/cakephp/src/Http/Server.php(98): Cake\Http\Runner->run(Object(Cake\Http\MiddlewareQueue), Object(Cake\Http\ServerRequest), Object(Cake\Http\Response))
#14 /Applications/MAMP/htdocs/Dropbox/adminexcel/webroot/index.php(40): Cake\Http\Server->run()
#15 {main}


